[23:19:12] This is prokka 1.14.6
[23:19:12] Written by Torsten Seemann <torsten.seemann@gmail.com>
[23:19:12] Homepage is https://github.com/tseemann/prokka
[23:19:12] Local time is Thu Sep 18 23:19:12 2025
[23:19:12] You are not telling me who you are!
[23:19:12] Operating system is linux
[23:19:12] You have BioPerl 1.007002
[23:19:12] System has 12 cores.
[23:19:12] Will use maximum of 12 cores.
[23:19:12] Annotating as >>> Bacteria <<<
[23:19:12] Generating locus_tag from '/input/enterobacter.fa' contents.
[23:19:12] Setting --locustag PIDOOLCM from MD5 92d885c6bdfb68b6384cba50a5221693
[23:19:12] Creating new output folder: /output/ANNOTATION/prokka_enterobacter.fa
[23:19:12] Running: mkdir -p \/output\/ANNOTATION\/prokka_enterobacter\.fa
[23:19:12] Using filename prefix: enterobacter.fa.XXX
[23:19:12] Setting HMMER_NCPU=1
[23:19:12] Writing log to: /output/ANNOTATION/prokka_enterobacter.fa/enterobacter.fa.log
[23:19:12] Command: /prokka-1.14.6/bin/prokka /input/enterobacter.fa --outdir /output/ANNOTATION/prokka_enterobacter.fa --prefix enterobacter.fa --cpus 12
[23:19:12] Appending to PATH: /prokka-1.14.6/bin/../binaries/linux
[23:19:12] Appending to PATH: /prokka-1.14.6/bin/../binaries/linux/../common
[23:19:12] Appending to PATH: /prokka-1.14.6/bin
[23:19:12] Looking for 'aragorn' - found /prokka-1.14.6/binaries/linux/aragorn
[23:19:12] Determined aragorn version is 001002 from 'ARAGORN v1.2.38 Dean Laslett'
[23:19:12] Looking for 'barrnap' - found /barrnap-0.9/bin/barrnap
[23:19:12] Determined barrnap version is 000009 from 'barrnap 0.9'
[23:19:12] Looking for 'blastp' - found /ncbi-blast-2.9.0+/bin/blastp
[23:19:12] Determined blastp version is 002009 from 'blastp: 2.9.0+'
[23:19:12] Looking for 'cmpress' - found /prokka-1.14.6/binaries/linux/cmpress
[23:19:12] Determined cmpress version is 001001 from '# INFERNAL 1.1.2 (July 2016)'
[23:19:12] Looking for 'cmscan' - found /prokka-1.14.6/binaries/linux/cmscan
[23:19:12] Determined cmscan version is 001001 from '# INFERNAL 1.1.2 (July 2016)'
[23:19:12] Looking for 'egrep' - found /bin/egrep
[23:19:12] Looking for 'find' - found /usr/bin/find
[23:19:12] Looking for 'grep' - found /bin/grep
[23:19:12] Looking for 'hmmpress' - found /usr/bin/hmmpress
[23:19:12] Determined hmmpress version is 003001 from '# HMMER 3.1b2 (February 2015); http://hmmer.org/'
[23:19:12] Looking for 'hmmscan' - found /usr/bin/hmmscan
[23:19:12] Determined hmmscan version is 003001 from '# HMMER 3.1b2 (February 2015); http://hmmer.org/'
[23:19:12] Looking for 'java' - found /usr/bin/java
[23:19:12] Looking for 'makeblastdb' - found /ncbi-blast-2.9.0+/bin/makeblastdb
[23:19:12] Determined makeblastdb version is 002009 from 'makeblastdb: 2.9.0+'
[23:19:12] Looking for 'minced' - found /prokka-1.14.6/binaries/common/minced
[23:19:12] Determined minced version is 002000 from 'minced 0.2.0'
[23:19:12] Looking for 'parallel' - found /prokka-1.14.6/binaries/common/parallel
[23:19:13] Determined parallel version is 20150122 from 'GNU parallel 20150122'
[23:19:13] Looking for 'prodigal' - found /prokka-1.14.6/binaries/linux/prodigal
[23:19:13] Determined prodigal version is 002006 from 'Prodigal V2.6.3: February, 2016'
[23:19:13] Looking for 'prokka-genbank_to_fasta_db' - found /prokka-1.14.6/bin/prokka-genbank_to_fasta_db
[23:19:13] Looking for 'sed' - found /bin/sed
[23:19:13] Looking for 'tbl2asn' - found /usr/bin/tbl2asn
[23:19:13] Determined tbl2asn version is 025008 from 'tbl2asn 25.8   arguments:'
[23:19:13] Using genetic code table 11.
[23:19:13] Loading and checking input file: /input/enterobacter.fa
[23:19:13] Wrote 15 contigs totalling 5012585 bp.
[23:19:13] Predicting tRNAs and tmRNAs
[23:19:13] Running: aragorn -l -gc11  -w \/output\/ANNOTATION\/prokka_enterobacter\.fa\/enterobacter\.fa\.fna
[23:19:15] 1 tRNA-Leu c[110903,110989] 35 (cag)
[23:19:15] 2 tRNA-Leu c[111021,111107] 35 (cag)
[23:19:15] 3 tRNA-Leu c[111136,111222] 35 (cag)
[23:19:15] 1 tRNA-Thr [72524,72597] 34 (cgt)
[23:19:15] 2 tRNA-Arg [264240,264316] 35 (tct)
[23:19:15] tRNA [268056,268129] is a pseudo/wacky gene - skipping.
[23:19:15] 4 tRNA-Gln c[434827,434901] 33 (ctg)
[23:19:15] 5 tRNA-Gln c[434938,435012] 33 (ctg)
[23:19:15] 6 tRNA-Met c[435052,435128] 35 (cat)
[23:19:15] 7 tRNA-Gln c[435146,435220] 33 (ttg)
[23:19:15] 8 tRNA-Gln c[435253,435327] 33 (ttg)
[23:19:15] 9 tRNA-Leu c[435351,435435] 35 (tag)
[23:19:15] 10 tRNA-Met c[435444,435520] 35 (cat)
[23:19:15] 11 tRNA-Lys [492802,492877] 34 (ttt)
[23:19:15] 12 tRNA-Val [492905,492980] 34 (tac)
[23:19:15] 13 tRNA-Lys [492984,493059] 34 (ttt)
[23:19:15] 14 tRNA-Lys [493101,493176] 34 (ttt)
[23:19:15] 15 tRNA-Lys [493208,493283] 34 (ttt)
[23:19:15] 16 tRNA-Ser [792323,792410] 35 (tga)
[23:19:15] 17 tRNA-Ser [792544,792631] 35 (tga)
[23:19:15] 18 tRNA-Ser c[859818,859905] 35 (gga)
[23:19:15] 19 tRNA-Ser c[863007,863094] 35 (gga)
[23:19:15] 20 tRNA-Val c[1115990,1116066] 35 (gac)
[23:19:15] 21 tRNA-Val c[1116071,1116147] 35 (gac)
[23:19:15] 1 tRNA-Thr c[411,486] 34 (ggt)
[23:19:15] 2 tRNA-Gly c[493,567] 34 (tcc)
[23:19:15] 3 tRNA-Tyr c[685,769] 35 (gta)
[23:19:15] 4 tRNA-Thr c[778,853] 34 (tgt)
[23:19:15] 5 tRNA-Pro c[8490,8566] 35 (tgg)
[23:19:15] 6 tRNA-SeC [140961,141055] 35 (tca)
[23:19:15] 1 tRNA-Lys c[183248,183323] 34 (ttt)
[23:19:15] 2 tRNA-Val c[183328,183403] 34 (tac)
[23:19:15] 3 tRNA-Val c[183433,183508] 34 (tac)
[23:19:15] 4 tRNA-Val c[183551,183626] 34 (tac)
[23:19:15] 5 tRNA-Ala [186321,186396] 34 (ggc)
[23:19:15] 6 tRNA-Ala [186438,186513] 34 (ggc)
[23:19:15] 7 tRNA-Arg c[204707,204779] 34 (cct)
[23:19:15] 8 tRNA-Pro c[327262,327338] 35 (ggg)
[23:19:15] 9 tRNA-Asn c[519609,519684] 34 (gtt)
[23:19:15] 10 tRNA-Asn [521404,521479] 34 (gtt)
[23:19:15] 11 tRNA-Asn c[536738,536813] 34 (gtt)
[23:19:15] 12 tRNA-Asn c[542159,542234] 34 (gtt)
[23:19:15] 13 tRNA-Gly [668217,668292] 34 (gcc)
[23:19:15] 14 tRNA-Cys [668339,668412] 33 (gca)
[23:19:15] 15 tRNA-Leu [668424,668510] 35 (taa)
[23:19:15] 1 tRNA-Tyr c[52705,52789] 35 (gta)
[23:19:15] 2 tRNA-Tyr c[52825,52909] 35 (gta)
[23:19:15] 1 tRNA-Leu c[26079,26163] 35 (caa)
[23:19:15] 2 tRNA-Gly c[148226,148301] 34 (gcc)
[23:19:15] 3 tRNA-Gly c[148347,148422] 34 (gcc)
[23:19:15] 4 tRNA-Gly c[148468,148543] 34 (gcc)
[23:19:15] 5 tRNA-Phe [177545,177620] 34 (gaa)
[23:19:15] 1 tRNA-Thr [305,380] 34 (ggt)
[23:19:15] 2 tRNA-Leu [108179,108265] 35 (gag)
[23:19:15] 3 tRNA-Met [110011,110087] 35 (cat)
[23:19:15] 4 tRNA-Met c[244340,244415] 34 (cat)
[23:19:15] 5 tRNA-Phe c[351764,351839] 34 (gaa)
[23:19:15] 6 tRNA-Gly [440202,440275] 33 (ccc)
[23:19:15] 7 tRNA-Met c[522545,522621] 35 (cat)
[23:19:15] 8 tRNA-Met c[522666,522742] 35 (cat)
[23:19:15] 9 tRNA-Met c[522787,522863] 35 (cat)
[23:19:15] 10 tRNA-Ser [638045,638137] 35 (gct)
[23:19:15] 11 tRNA-Arg [638142,638218] 35 (acg)
[23:19:15] 12 tRNA-Arg c[638158,638230] 31 (tcg)
[23:19:15] 13 tRNA-Arg [638283,638359] 35 (acg)
[23:19:15] 14 tmRNA c[729576,729939] 91,126 ANDENYALAA**
[23:19:15] 1 tRNA-Asp [175,251] 35 (gtc)
[23:19:15] 2 tRNA-Asp [9605,9681] 35 (gtc)
[23:19:15] 1 tRNA-Pro c[46868,46944] 35 (tgg)
[23:19:15] 2 tRNA-Leu c[46987,47073] 35 (cag)
[23:19:15] 3 tRNA-His c[47094,47169] 34 (gtg)
[23:19:15] 4 tRNA-Arg c[47237,47313] 35 (ccg)
[23:19:15] 5 tRNA-Trp c[79836,79911] 34 (cca)
[23:19:15] 6 tRNA-Asp c[79964,80040] 35 (gtc)
[23:19:15] Found 73 tRNAs
[23:19:15] Predicting Ribosomal RNAs
[23:19:15] Running Barrnap with 12 threads
[23:19:16] 1 NZ_JAPOMC010000002.1 301 5S ribosomal RNA
[23:19:16] 2 NZ_JAPOMC010000003.1 177 5S ribosomal RNA
[23:19:16] 3 NZ_JAPOMC010000003.1 426 5S ribosomal RNA
[23:19:16] 4 NZ_JAPOMC010000006.1 237826 5S ribosomal RNA
[23:19:16] 5 NZ_JAPOMC010000008.1 177864 5S ribosomal RNA
[23:19:16] 6 NZ_JAPOMC010000009.1 106234 5S ribosomal RNA
[23:19:16] 7 NZ_JAPOMC010000010.1 100693 5S ribosomal RNA
[23:19:16] 8 NZ_JAPOMC010000014.1 6 5S ribosomal RNA
[23:19:16] Found 8 rRNAs
[23:19:16] Skipping ncRNA search, enable with --rfam if desired.
[23:19:16] Total of 80 tRNA + rRNA features
[23:19:16] Searching for CRISPR repeats
[23:19:17] CRISPR1 NZ_JAPOMC010000001.1 683596 with 26 spacers
[23:19:17] CRISPR2 NZ_JAPOMC010000001.1 694615 with 17 spacers
[23:19:17] Found 2 CRISPRs
[23:19:17] Predicting coding sequences
[23:19:17] Contigs total 5012585 bp, so using single mode
[23:19:17] Running: prodigal -i \/output\/ANNOTATION\/prokka_enterobacter\.fa\/enterobacter\.fa\.fna -c -m -g 11 -p single -f sco -q
[23:19:21] Excluding CDS which overlaps existing RNA (tRNA) at NZ_JAPOMC010000001.1:72263..72601 on - strand
[23:19:21] Excluding CDS which overlaps existing RNA (CRISPR) at NZ_JAPOMC010000001.1:683813..684367 on - strand
[23:19:21] Excluding CDS which overlaps existing RNA (tRNA) at NZ_JAPOMC010000001.1:1115989..1116264 on + strand
[23:19:22] Excluding CDS which overlaps existing RNA (tRNA) at NZ_JAPOMC010000014.1:9624..9722 on - strand
[23:19:22] Excluding CDS which overlaps existing RNA (tRNA) at NZ_JAPOMC010000011.1:46797..47024 on + strand
[23:19:22] Found 4657 CDS
[23:19:22] Connecting features back to sequences
[23:19:22] Not using genus-specific database. Try --usegenus to enable it.
[23:19:22] Annotating CDS, please be patient.
[23:19:22] Will use 12 CPUs for similarity searching.
[23:19:23] There are still 4657 unannotated CDS left (started with 4657)
[23:19:23] Will use blast to search against /prokka-1.14.6/db/kingdom/Bacteria/IS with 12 CPUs
[23:19:24] Running: cat \/output\/ANNOTATION\/prokka_enterobacter\.fa\/enterobacter\.fa\.IS\.tmp\.1\.faa | parallel --gnu --plain -j 12 --block 63835 --recstart '>' --pipe blastp -query - -db /prokka-1.14.6/db/kingdom/Bacteria/IS -evalue 1e-30 -qcov_hsp_perc 90 -num_threads 1 -num_descriptions 1 -num_alignments 1 -seg no > \/output\/ANNOTATION\/prokka_enterobacter\.fa\/enterobacter\.fa\.IS\.tmp\.1\.blast 2> /dev/null
[23:19:31] Deleting unwanted file: /output/ANNOTATION/prokka_enterobacter.fa/enterobacter.fa.IS.tmp.1.faa
[23:19:31] Deleting unwanted file: /output/ANNOTATION/prokka_enterobacter.fa/enterobacter.fa.IS.tmp.1.blast
[23:19:32] There are still 4653 unannotated CDS left (started with 4657)
[23:19:32] Will use blast to search against /prokka-1.14.6/db/kingdom/Bacteria/AMR with 12 CPUs
[23:19:32] Running: cat \/output\/ANNOTATION\/prokka_enterobacter\.fa\/enterobacter\.fa\.AMR\.tmp\.1\.faa | parallel --gnu --plain -j 12 --block 63797 --recstart '>' --pipe blastp -query - -db /prokka-1.14.6/db/kingdom/Bacteria/AMR -evalue 9.99999999999999e-301 -qcov_hsp_perc 90 -num_threads 1 -num_descriptions 1 -num_alignments 1 -seg no > \/output\/ANNOTATION\/prokka_enterobacter\.fa\/enterobacter\.fa\.AMR\.tmp\.1\.blast 2> /dev/null
[23:19:39] Deleting unwanted file: /output/ANNOTATION/prokka_enterobacter.fa/enterobacter.fa.AMR.tmp.1.faa
[23:19:39] Deleting unwanted file: /output/ANNOTATION/prokka_enterobacter.fa/enterobacter.fa.AMR.tmp.1.blast
[23:19:40] There are still 4652 unannotated CDS left (started with 4657)
[23:19:40] Will use blast to search against /prokka-1.14.6/db/kingdom/Bacteria/sprot with 12 CPUs
[23:19:40] Running: cat \/output\/ANNOTATION\/prokka_enterobacter\.fa\/enterobacter\.fa\.sprot\.tmp\.1\.faa | parallel --gnu --plain -j 12 --block 63753 --recstart '>' --pipe blastp -query - -db /prokka-1.14.6/db/kingdom/Bacteria/sprot -evalue 1e-09 -qcov_hsp_perc 80 -num_threads 1 -num_descriptions 1 -num_alignments 1 -seg no > \/output\/ANNOTATION\/prokka_enterobacter\.fa\/enterobacter\.fa\.sprot\.tmp\.1\.blast 2> /dev/null
[23:20:08] Modify product: Uncharacterized protein YnbC => putative protein YnbC
[23:20:08] Modify product: Uncharacterized protein YqjZ => putative protein YqjZ
[23:20:08] Modify product: UPF0442 protein YjjB => hypothetical protein
[23:20:08] Modify product: Uncharacterized metal-dependent hydrolase YjjV => putative metal-dependent hydrolase YjjV
[23:20:08] Modify product: Uncharacterized protein YjjI => putative protein YjjI
[23:20:08] Modify product: Probable inner membrane protein Smp => putative inner membrane protein Smp
[23:20:08] Modify product: Zinc-type alcohol dehydrogenase-like protein SA1988 => Zinc-type alcohol dehydrogenase-like protein
[23:20:08] Modify product: Uncharacterized tRNA/rRNA methyltransferase HI_0380 => putative tRNA/rRNA methyltransferase
[23:20:08] Modify product: Uncharacterized lipoprotein YgdR => putative lipoprotein YgdR
[23:20:08] Modify product: UPF0255 protein VV1_0328 => hypothetical protein
[23:20:08] Modify product: Uncharacterized protein YjhP => putative protein YjhP
[23:20:08] Modify product: Cytochrome b561 homolog 2 => Cytochrome b561 
[23:20:08] Modify product: Probable sulfoacetate transporter SauU => putative sulfoacetate transporter SauU
[23:20:08] Modify product: Probable diguanylate cyclase DgcC => putative diguanylate cyclase DgcC
[23:20:08] Modify product: UPF0178 protein YaiI => hypothetical protein
[23:20:08] Modify product: Uncharacterized protein YaiA => putative protein YaiA
[23:20:08] Modify product: Uncharacterized lipoprotein YajI => putative lipoprotein YajI
[23:20:08] Modify product: UPF0234 protein YajQ => hypothetical protein
[23:20:08] Modify product: Uncharacterized protein HI_1008 => putative protein
[23:20:08] Modify product: Probable multidrug resistance ABC transporter ATP-binding/permease protein YheI => putative multidrug resistance ABC transporter ATP-binding/permease protein YheI
[23:20:08] Modify product: Uncharacterized lipoprotein YbaY => putative lipoprotein YbaY
[23:20:08] Modify product: Probable cyclic di-GMP phosphodiesterase PdeB => putative cyclic di-GMP phosphodiesterase PdeB
[23:20:08] Modify product: Probable iron export ATP-binding protein FetA => putative iron export ATP-binding protein FetA
[23:20:08] Modify product: Probable iron export permease protein FetB => putative iron export permease protein FetB
[23:20:08] Modify product: Uncharacterized ABC transporter ATP-binding protein Rv0986 => putative ABC transporter ATP-binding protein
[23:20:08] Modify product: Uncharacterized protein YbcJ => putative protein YbcJ
[23:20:08] Modify product: Bifunctional protein FolD => Bifunctional protein FolD protein
[23:20:08] Modify product: Probable fimbrial chaperone SfmC => putative fimbrial chaperone SfmC
[23:20:08] Modify product: Uncharacterized fimbrial-like protein SfmH => putative fimbrial-like protein SfmH
[23:20:08] Modify product: Uncharacterized fimbrial-like protein SfmF => putative fimbrial-like protein SfmF
[23:20:08] Modify product: Probable ABC transporter ATP-binding/permease protein HI_0664 => putative ABC transporter ATP-binding/permease protein
[23:20:08] Modify product: Uncharacterized MFS-type transporter YcaD => putative MFS-type transporter YcaD
[23:20:08] Modify product: Probable formate transporter 1 => putative formate transporter 1
[23:20:08] Modify product: UPF0434 protein YcaR => hypothetical protein
[23:20:08] Modify product: Probable L,D-transpeptidase YcbB => putative L,D-transpeptidase YcbB
[23:20:08] Modify product: Uncharacterized protein YcbX => putative protein YcbX
[23:20:08] Modify product: UPF0319 protein HI_1681 => hypothetical protein
[23:20:08] Modify product: Uncharacterized protein YccU => putative protein YccU
[23:20:08] Modify product: UPF0098 protein YbcL => hypothetical protein
[23:20:08] Modify product: Probable allantoin permease => putative allantoin permease
[23:20:08] Modify product: Probable glutamine ABC transporter permease protein GlnM => putative glutamine ABC transporter permease protein GlnM
[23:20:08] Modify product: Uncharacterized HTH-type transcriptional regulator YybR => putative HTH-type transcriptional regulator YybR
[23:20:08] Modify product: Uncharacterized protein YccJ => putative protein YccJ
[23:20:08] Modify product: Probable malonic semialdehyde reductase RutE => putative malonic semialdehyde reductase RutE
[23:20:08] Modify product: Probable hydrolase YcaC => putative hydrolase YcaC
[23:20:08] Modify product: Probable phosphatase YcdX => putative phosphatase YcdX
[23:20:08] Modify product: Uncharacterized protein YmdA => putative protein YmdA
[23:20:08] Modify product: UPF0176 protein YceA => hypothetical protein
[23:20:08] Modify product: Cytochrome b561 homolog 2 => Cytochrome b561 
[23:20:08] Modify product: Uncharacterized lipoprotein YceB => putative lipoprotein YceB
[23:20:08] Modify product: UPF0502 protein YceH => hypothetical protein
[23:20:08] Modify product: Probable lipid II flippase MurJ => putative lipid II flippase MurJ
[23:20:08] Modify product: Probable glutamine ABC transporter permease protein GlnP => putative glutamine ABC transporter permease protein GlnP
[23:20:08] Modify product: Uncharacterized HTH-type transcriptional regulator YahB => putative HTH-type transcriptional regulator YahB
[23:20:08] Modify product: Uncharacterized protein YnhF => putative protein YnhF
[23:20:08] Modify product: Probable diguanylate cyclase DgcT => putative diguanylate cyclase DgcT
[23:20:08] Modify product: Uncharacterized oxidoreductase YdgJ => putative oxidoreductase YdgJ
[23:20:08] Modify product: Probable hydrolase YcaC => putative hydrolase YcaC
[23:20:08] Modify product: Probable DNA endonuclease SmrA => putative DNA endonuclease SmrA
[23:20:08] Modify product: UPF0482 protein YnfB => hypothetical protein
[23:20:08] Modify product: UPF0060 membrane protein YnfA => hypothetical protein
[23:20:08] Modify product: D-galactonate dehydratase family member Ent638_1932 => D-galactonate dehydratase family member
[23:20:08] Modify product: Uncharacterized signaling protein PA1727 => putative signaling protein
[23:20:08] Modify product: Uncharacterized MFS-type transporter YhjX => putative MFS-type transporter YhjX
[23:20:08] Modify product: Probable lipoprotein YiaD => putative lipoprotein YiaD
[23:20:08] Modify product: Uncharacterized protein HI_0227 => putative protein
[23:20:08] Modify product: Uncharacterized protein YiaX1 => putative protein YiaX1
[23:20:08] Modify product: Uncharacterized GST-like protein YibF => putative GST-like protein YibF
[23:20:08] Modify product: Uncharacterized protein YibL => putative protein YibL
[23:20:08] Modify product: Probable fimbrial chaperone YadV => putative fimbrial chaperone YadV
[23:20:08] Modify product: Uncharacterized protein YibN => putative protein YibN
[23:20:08] Modify product: Uncharacterized protein HI_0755 => putative protein
[23:20:08] Modify product: UPF0758 protein SP_1088 => hypothetical protein
[23:20:08] Modify product: UPF0701 protein YicC => hypothetical protein
[23:20:08] Modify product: UPF0126 inner membrane protein YicG => hypothetical protein
[23:20:08] Modify product: Probable major fimbrial subunit LpfA => putative major fimbrial subunit LpfA
[23:20:08] Modify product: Probable fimbrial chaperone protein ElfD => putative fimbrial chaperone protein ElfD
[23:20:08] Modify product: Probable fimbrial chaperone EcpE => putative fimbrial chaperone EcpE
[23:20:08] Modify product: Probable outer membrane usher protein EcpC => putative outer membrane usher protein EcpC
[23:20:08] Modify product: Probable fimbrial chaperone EcpB => putative fimbrial chaperone EcpB
[23:20:08] Modify product: Probable fimbrial chaperone YehC => putative fimbrial chaperone YehC
[23:20:08] Modify product: Uncharacterized fimbrial-like protein YehA => putative fimbrial-like protein YehA
[23:20:08] Modify product: Uncharacterized inner membrane transporter YicL => putative inner membrane transporter YicL
[23:20:08] Modify product: Probable 2-dehydro-3-deoxygalactonokinase DgoK1 => putative 2-dehydro-3-deoxygalactonokinase DgoK1
[23:20:08] Modify product: Probable transport protein HsrA => putative transport protein HsrA
[23:20:08] Modify product: Uncharacterized protein HI_0431 => putative protein
[23:20:08] Modify product: Protein SlyX homolog => Protein SlyX 
[23:20:08] Modify product: Uncharacterized ABC transporter ATP-binding protein YheS => putative ABC transporter ATP-binding protein YheS
[23:20:08] Modify product: Probable protein adenylyltransferase Fic => putative protein adenylyltransferase Fic
[23:20:08] Modify product: Uncharacterized metal-dependent hydrolase YcfH => putative metal-dependent hydrolase YcfH
[23:20:08] Modify product: UPF0227 protein YcfP => hypothetical protein
[23:20:08] Modify product: Probable L,D-transpeptidase YcfS => putative L,D-transpeptidase YcfS
[23:20:08] Modify product: Stress response UPF0229 protein YhbH => hypothetical protein
[23:20:08] Modify product: Probable ketoamine kinase HMPREF0351_12196 => putative ketoamine kinase
[23:20:08] Modify product: Uncharacterized protein YniD => putative protein YniD
[23:20:08] Modify product: Probable succinyl-CoA:3-ketoacid coenzyme A transferase subunit B => putative succinyl-CoA:3-ketoacid coenzyme A transferase subunit B
[23:20:08] Modify product: Probable succinyl-CoA:3-ketoacid coenzyme A transferase subunit A => putative succinyl-CoA:3-ketoacid coenzyme A transferase subunit A
[23:20:08] Modify product: Uncharacterized protein YdiE => putative protein YdiE
[23:20:08] Modify product: Uncharacterized protein HI_1163 => putative protein
[23:20:08] Modify product: Probable fimbrial chaperone LpfB => putative fimbrial chaperone LpfB
[23:20:08] Modify product: Probable outer membrane usher protein ElfC => putative outer membrane usher protein ElfC
[23:20:08] Modify product: Probable two-component-system connector protein AriR => putative two-component-system connector protein AriR
[23:20:08] Modify product: Probable two-component-system connector protein YcgZ => putative two-component-system connector protein YcgZ
[23:20:08] Modify product: Probable ATP-dependent transporter SufC => putative ATP-dependent transporter SufC
[23:20:08] Modify product: Probable L,D-transpeptidase YnhG => putative L,D-transpeptidase YnhG
[23:20:08] Modify product: Putative cystathionine beta-synthase Rv1077 => Putative cystathionine beta-synthase
[23:20:08] Modify product: UPF0098 protein YbhB => hypothetical protein
[23:20:08] Modify product: Probable multidrug ABC transporter permease YbhR => putative multidrug ABC transporter permease YbhR
[23:20:08] Modify product: Probable multidrug ABC transporter permease YbhS => putative multidrug ABC transporter permease YbhS
[23:20:08] Modify product: Probable multidrug ABC transporter ATP-binding protein YbhF => putative multidrug ABC transporter ATP-binding protein YbhF
[23:20:08] Modify product: UPF0194 membrane protein YbhG => hypothetical protein
[23:20:08] Modify product: Probable fimbrial chaperone LpfB => putative fimbrial chaperone LpfB
[23:20:08] Modify product: Uncharacterized protein YbiB => putative protein YbiB
[23:20:08] Modify product: Uncharacterized protein McbA => putative protein McbA
[23:20:08] Modify product: Uncharacterized protein YbiI => putative protein YbiI
[23:20:08] Modify product: Uncharacterized protein McbA => putative protein McbA
[23:20:08] Modify product: Probable L,D-transpeptidase YbiS => putative L,D-transpeptidase YbiS
[23:20:08] Modify product: Uncharacterized ABC transporter ATP-binding protein YbiT => putative ABC transporter ATP-binding protein YbiT
[23:20:08] Modify product: Uncharacterized protein YbiU => putative protein YbiU
[23:20:08] Modify product: Uncharacterized protein YbjN => putative protein YbjN
[23:20:08] Modify product: Uncharacterized lipoprotein YbjP => putative lipoprotein YbjP
[23:20:08] Modify product: UPF0145 protein YbjQ => hypothetical protein
[23:20:08] Modify product: Probable diguanylate cyclase DgcC => putative diguanylate cyclase DgcC
[23:20:08] Modify product: Probable chromate transport protein => putative chromate transport protein
[23:20:08] Modify product: Uncharacterized protein PA2218 => putative protein
[23:20:08] Modify product: Glycogen operon protein GlgX homolog => Glycogen operon protein GlgX 
[23:20:08] Modify product: Probable D,D-dipeptide-binding periplasmic protein DdpA => putative D,D-dipeptide-binding periplasmic protein DdpA
[23:20:08] Modify product: Probable D,D-dipeptide transport system permease protein DdpB => putative D,D-dipeptide transport system permease protein DdpB
[23:20:08] Modify product: Probable D,D-dipeptide transport system permease protein DdpC => putative D,D-dipeptide transport system permease protein DdpC
[23:20:08] Modify product: Probable D,D-dipeptide transport ATP-binding protein DdpD => putative D,D-dipeptide transport ATP-binding protein DdpD
[23:20:08] Modify product: Probable D,D-dipeptide transport ATP-binding protein DdpF => putative D,D-dipeptide transport ATP-binding protein DdpF
[23:20:08] Modify product: Uncharacterized ABC transporter ATP-binding protein YheS => putative ABC transporter ATP-binding protein YheS
[23:20:08] Modify product: Probable D,D-dipeptide transport system permease protein DdpC => putative D,D-dipeptide transport system permease protein DdpC
[23:20:08] Modify product: Probable nitrate reductase molybdenum cofactor assembly chaperone NarW => putative nitrate reductase molybdenum cofactor assembly chaperone NarW
[23:20:09] Modify product: Uncharacterized protein YncE => putative protein YncE
[23:20:09] Modify product: Uncharacterized protein YdcY => putative protein YdcY
[23:20:09] Modify product: Uncharacterized lipoprotein YgdR => putative lipoprotein YgdR
[23:20:09] Modify product: Uncharacterized protein Rv0906 => putative protein
[23:20:09] Modify product: Probable cation-transporting ATPase F => putative cation-transporting ATPase F
[23:20:09] Modify product: Probable deoxyribonuclease RhsB => putative deoxyribonuclease RhsB
[23:20:09] Modify product: Probable aminotransferase Rv3329 => putative aminotransferase
[23:20:09] Modify product: Probable D,D-dipeptide transport system permease protein DdpC => putative D,D-dipeptide transport system permease protein DdpC
[23:20:09] Modify product: Probable D,D-dipeptide-binding periplasmic protein DdpA => putative D,D-dipeptide-binding periplasmic protein DdpA
[23:20:09] Modify product: Uncharacterized oxidoreductase SA2266 => putative oxidoreductase
[23:20:09] Modify product: Uncharacterized periplasmic iron-binding protein HI_0362 => putative periplasmic iron-binding protein
[23:20:09] Modify product: Uncharacterized protein YbdM => putative protein YbdM
[23:20:09] Modify product: Uncharacterized HTH-type transcriptional regulator YbdO => putative HTH-type transcriptional regulator YbdO
[23:20:09] Modify product: Probable zinc-binding alcohol dehydrogenase Rv1895 => putative zinc-binding alcohol dehydrogenase
[23:20:09] Modify product: Uncharacterized HTH-type transcriptional regulator YbdO => putative HTH-type transcriptional regulator YbdO
[23:20:09] Modify product: UPF0250 protein YbeD => hypothetical protein
[23:20:09] Modify product: Uncharacterized lipoprotein ChiQ => putative lipoprotein ChiQ
[23:20:09] Modify product: Uncharacterized protein YbfE => putative protein YbfE
[23:20:09] Modify product: GTP cyclohydrolase 1 type 2 homolog => GTP cyclohydrolase 1 type 2 
[23:20:09] Modify product: Probable peptidoglycan glycosyltransferase FtsW => putative peptidoglycan glycosyltransferase FtsW
[23:20:09] Modify product: UPF0231 protein YacL => hypothetical protein
[23:20:09] Modify product: Uncharacterized ABC transporter ATP-binding protein YadG => putative ABC transporter ATP-binding protein YadG
[23:20:09] Modify product: Uncharacterized fimbrial-like protein YadK => putative fimbrial-like protein YadK
[23:20:09] Modify product: Uncharacterized fimbrial-like protein YadL => putative fimbrial-like protein YadL
[23:20:09] Modify product: Uncharacterized fimbrial-like protein YadM => putative fimbrial-like protein YadM
[23:20:09] Modify product: Probable fimbrial chaperone YadV => putative fimbrial chaperone YadV
[23:20:09] Modify product: UPF0126 inner membrane protein YadS => hypothetical protein
[23:20:09] Modify product: UPF0253 protein YaeP => hypothetical protein
[23:20:09] Modify product: Uncharacterized protein YaeQ => putative protein YaeQ
[23:20:09] Modify product: Uncharacterized ABC transporter ATP-binding protein Rv0986 => putative ABC transporter ATP-binding protein
[23:20:09] Modify product: Uncharacterized MFS-type transporter Rv2456c => putative MFS-type transporter
[23:20:09] Modify product: Acetyltransferase PA3944 => Acetyltransferase
[23:20:09] Modify product: Acetyltransferase PA3944 => Acetyltransferase
[23:20:09] Modify product: Uncharacterized oxidoreductase SA2266 => putative oxidoreductase
[23:20:09] Modify product: Uncharacterized oxidoreductase YdgJ => putative oxidoreductase YdgJ
[23:20:09] Modify product: Uncharacterized oxidoreductase YghA => putative oxidoreductase YghA
[23:20:09] Modify product: Uncharacterized protein Rv3292 => putative protein
[23:20:09] Modify product: 23S rRNA 5-hydroxycytidine C2501 synthase => 23S rRNA 5-hydroxycytidine synthase
[23:20:09] Modify product: Probable amino-acid metabolite efflux pump => putative amino-acid metabolite efflux pump
[23:20:09] Modify product: UPF0056 inner membrane protein MarC => hypothetical protein
[23:20:09] Modify product: Probable [Fe-S]-dependent transcriptional repressor FeoC => putative [Fe-S]-dependent transcriptional repressor FeoC
[23:20:09] Modify product: UPF0056 inner membrane protein YhgN => hypothetical protein
[23:20:09] Modify product: Uncharacterized oxidoreductase YhhX => putative oxidoreductase YhhX
[23:20:09] Modify product: Uncharacterized protein YhhA => putative protein YhhA
[23:20:09] Modify product: Solute-binding protein Csal_2479 => Solute-binding protein
[23:20:09] Modify product: Uncharacterized MFS-type transporter YhhS => putative MFS-type transporter YhhS
[23:20:09] Modify product: Probable 4-amino-4-deoxy-L-arabinose-phosphoundecaprenol flippase subunit ArnF => putative 4-amino-4-deoxy-L-arabinose-phosphoundecaprenol flippase subunit ArnF
[23:20:09] Modify product: Probable 4-amino-4-deoxy-L-arabinose-phosphoundecaprenol flippase subunit ArnE => putative 4-amino-4-deoxy-L-arabinose-phosphoundecaprenol flippase subunit ArnE
[23:20:09] Modify product: Probable 4-deoxy-4-formamido-L-arabinose-phosphoundecaprenol deformylase ArnD => putative 4-deoxy-4-formamido-L-arabinose-phosphoundecaprenol deformylase ArnD
[23:20:09] Modify product: Uncharacterized protein HI_0933 => putative protein
[23:20:09] Modify product: Probable cyclic di-GMP phosphodiesterase PdeK => putative cyclic di-GMP phosphodiesterase PdeK
[23:20:09] Modify product: Uncharacterized tRNA/rRNA methyltransferase YfiF => putative tRNA/rRNA methyltransferase YfiF
[23:20:09] Modify product: PTS system EIIBC component SA0186 => PTS system EIIBC component
[23:20:09] Modify product: Probable 3-phenylpropionic acid transporter => putative 3-phenylpropionic acid transporter
[23:20:09] Modify product: UPF0070 protein HI_0370 => hypothetical protein
[23:20:09] Modify product: Uncharacterized protein YfgJ => putative protein YfgJ
[23:20:09] Modify product: Uncharacterized protein YfgD => putative protein YfgD
[23:20:09] Modify product: Uncharacterized protein Rv2575 => putative protein
[23:20:09] Modify product: Uncharacterized protein YfeY => putative protein YfeY
[23:20:09] Modify product: Probable cyclic di-GMP phosphodiesterase PdeA => putative cyclic di-GMP phosphodiesterase PdeA
[23:20:09] Modify product: UPF0381 protein YiiS => hypothetical protein
[23:20:09] Modify product: Probable membrane transporter protein YfcA => putative membrane transporter protein YfcA
[23:20:09] Modify product: Uncharacterized MFS-type transporter YfcJ => putative MFS-type transporter YfcJ
[23:20:09] Modify product: Epimerase family protein SA0724 => Epimerase family protein
[23:20:09] Modify product: Uncharacterized Nudix hydrolase YfcD => putative Nudix hydrolase YfcD
[23:20:09] Modify product: UPF0208 membrane protein YfbV => hypothetical protein
[23:20:09] Modify product: UPF0304 protein YfbU => hypothetical protein
[23:20:09] Modify product: UPF0352 protein YejL => hypothetical protein
[23:20:09] Modify product: Uncharacterized protein YejG => putative protein YejG
[23:20:09] Modify product: Uncharacterized ABC transporter ATP-binding protein YejF => putative ABC transporter ATP-binding protein YejF
[23:20:09] Modify product: Probable cyclic di-GMP phosphodiesterase PdeN => putative cyclic di-GMP phosphodiesterase PdeN
[23:20:09] Modify product: UPF0153 protein YeiW => hypothetical protein
[23:20:09] Modify product: UPF0324 inner membrane protein YeiH => hypothetical protein
[23:20:09] Modify product: UPF0299 membrane protein YohJ => hypothetical protein
[23:20:09] Modify product: Uncharacterized oxidoreductase YohF => putative oxidoreductase YohF
[23:20:09] Modify product: Probable lipid kinase YegS => putative lipid kinase YegS
[23:20:09] Modify product: 23S rRNA 5-hydroxycytidine C2501 synthase => 23S rRNA 5-hydroxycytidine synthase
[23:20:09] Modify product: UPF0339 protein YegP => hypothetical protein
[23:20:09] Modify product: Probable diguanylate cyclase DgcE => putative diguanylate cyclase DgcE
[23:20:09] Modify product: UPF0053 inner membrane protein YoaE => hypothetical protein
[23:20:09] Modify product: Putative acetyltransferase SACOL2570 => Putative acetyltransferase
[23:20:09] Modify product: UPF0265 protein YeeX => hypothetical protein
[23:20:09] Modify product: Probable FMN/FAD exporter YeeO => putative FMN/FAD exporter YeeO
[23:20:09] Modify product: Probable cation-transporting ATPase F => putative cation-transporting ATPase F
[23:20:09] Modify product: Probable L,D-transpeptidase ErfK/SrfK => putative L,D-transpeptidase ErfK/SrfK
[23:20:09] Modify product: Uncharacterized protein YedJ => putative protein YedJ
[23:20:09] Modify product: Uncharacterized inner membrane transporter YedA => putative inner membrane transporter YedA
[23:20:09] Modify product: Probable diguanylate cyclase DgcQ => putative diguanylate cyclase DgcQ
[23:20:09] Modify product: Uncharacterized protein Rv1507c => putative protein
[23:20:09] Modify product: Uncharacterized protein Rv1502 => putative protein
[23:20:09] Modify product: Uncharacterized protein Rv1502 => putative protein
[23:20:09] Modify product: Probable transcriptional regulatory protein YebC => putative transcriptional regulatory protein YebC
[23:20:09] Modify product: Uncharacterized protein HI_0461 => putative protein
[23:20:09] Modify product: Uncharacterized protein YebV => putative protein YebV
[23:20:09] Modify product: Probable manganese efflux pump MntP => putative manganese efflux pump MntP
[23:20:09] Modify product: UPF0266 membrane protein YobD => hypothetical protein
[23:20:09] Modify product: UPF0053 inner membrane protein YoaE => hypothetical protein
[23:20:09] Modify product: Probable cyclic di-GMP phosphodiesterase PdeD => putative cyclic di-GMP phosphodiesterase PdeD
[23:20:09] Modify product: Probable ATP-dependent DNA helicase YoaA => putative ATP-dependent DNA helicase YoaA
[23:20:09] Modify product: Uncharacterized protein YcgM => putative protein YcgM
[23:20:09] Modify product: UPF0225 protein YchJ => hypothetical protein
[23:20:09] Modify product: Uncharacterized NTE family protein Rv1063c => putative NTE family protein
[23:20:09] Modify product: UPF0056 inner membrane protein MarC => hypothetical protein
[23:20:09] Modify product: UPF0263 protein YciU => hypothetical protein
[23:20:09] Modify product: Uncharacterized acyl-CoA thioester hydrolase HI_0827 => putative acyl-CoA thioester hydrolase
[23:20:09] Modify product: Probable intracellular septation protein A => putative intracellular septation protein A
[23:20:09] Modify product: UPF0259 membrane protein YciC => hypothetical protein
[23:20:09] Modify product: UPF0394 inner membrane protein YedE => hypothetical protein
[23:20:09] Modify product: Uncharacterized protein YciO => putative protein YciO
[23:20:09] Modify product: Uncharacterized oxidoreductase YciK => putative oxidoreductase YciK
[23:20:09] Modify product: Probable protease SohB => putative protease SohB
[23:20:09] Modify product: Uncharacterized protein YciH => putative protein YciH
[23:20:09] Modify product: UPF0509 protein YciZ => hypothetical protein
[23:20:09] Modify product: Uncharacterized protein YcjX => putative protein YcjX
[23:20:09] Modify product: UPF0283 membrane protein YcjF => hypothetical protein
[23:20:09] Modify product: Probable licABCH operon regulator => putative licABCH operon regulator
[23:20:09] Modify product: Deacetylase EF_0837 => Deacetylase
[23:20:09] Modify product: UPF0307 protein YjgA => hypothetical protein
[23:20:09] Modify product: UPF0053 inner membrane protein YtfL => hypothetical protein
[23:20:09] Modify product: Uncharacterized protein YtfJ => putative protein YtfJ
[23:20:09] Modify product: Probable L-ascorbate-6-phosphate lactonase UlaG => putative L-ascorbate-6-phosphate lactonase UlaG
[23:20:09] Modify product: UPF0716 protein FxsA => hypothetical protein
[23:20:09] Modify product: Probable metabolite transport protein CsbC => putative metabolite transport protein CsbC
[23:20:09] Modify product: Probable glycerol-3-phosphate acyltransferase => putative glycerol-3-phosphate acyltransferase
[23:20:09] Modify product: Uncharacterized fimbrial-like protein YbgD => putative fimbrial-like protein YbgD
[23:20:10] Modify product: Probable siderophore transport system ATP-binding protein YusV => putative siderophore transport system ATP-binding protein YusV
[23:20:10] Modify product: Probable siderophore transport system permease protein YfiZ => putative siderophore transport system permease protein YfiZ
[23:20:10] Modify product: Probable quinol monooxygenase YgiN => putative quinol monooxygenase YgiN
[23:20:10] Modify product: Uncharacterized protein SA0829 => putative protein
[23:20:10] Modify product: Probable Fe(2+)-trafficking protein => putative Fe(2+)-trafficking protein
[23:20:10] Modify product: Uncharacterized protein HI_0341 => putative protein
[23:20:10] Modify product: UPF0235 protein YggU => hypothetical protein
[23:20:10] Modify product: Uncharacterized protein YggR => putative protein YggR
[23:20:10] Modify product: UPF0301 protein YqgE => hypothetical protein
[23:20:10] Modify product: Probable L-galactonate transporter => putative L-galactonate transporter
[23:20:10] Modify product: Probable sulfoacetate transporter SauU => putative sulfoacetate transporter SauU
[23:20:10] Modify product: UPF0149 protein HI_0817 => hypothetical protein
[23:20:10] Modify product: Uncharacterized oxidoreductase YgfF => putative oxidoreductase YgfF
[23:20:10] Modify product: UPF0073 inner membrane protein YqfA => hypothetical protein
[23:20:10] Modify product: Uncharacterized protein YjdJ => putative protein YjdJ
[23:20:10] Modify product: Uncharacterized lipoprotein YgdR => putative lipoprotein YgdR
[23:20:10] Modify product: Uncharacterized lipoprotein YgdR => putative lipoprotein YgdR
[23:20:10] Modify product: UPF0382 inner membrane protein YgdD => hypothetical protein
[23:20:10] Modify product: Uncharacterized protein YqcC => putative protein YqcC
[23:20:10] Modify product: Uncharacterized protein PA3435 => putative protein
[23:20:10] Modify product: Probable glucarate transporter => putative glucarate transporter
[23:20:10] Modify product: Uncharacterized HTH-type transcriptional regulator YbbH => putative HTH-type transcriptional regulator YbbH
[23:20:10] Modify product: Probable UbiX-like flavin prenyltransferase => putative UbiX-like flavin prenyltransferase
[23:20:10] Modify product: Uncharacterized lipoprotein GfcB => putative lipoprotein GfcB
[23:20:10] Modify product: UPF0761 membrane protein YihY => hypothetical protein
[23:20:10] Modify product: Probable GTP-binding protein EngB => putative GTP-binding protein EngB
[23:20:10] Modify product: Probable acyltransferase YihG => putative acyltransferase YihG
[23:20:10] Modify product: Probable protein kinase UbiB => putative protein kinase UbiB
[23:20:10] Modify product: Probable transport protein YifK => putative transport protein YifK
[23:20:10] Modify product: Probable ECA polymerase => putative ECA polymerase
[23:20:10] Modify product: UPF0438 protein YifE => hypothetical protein
[23:20:10] Modify product: Uncharacterized signaling protein PA1727 => putative signaling protein
[23:20:10] Modify product: Uncharacterized membrane protein YhdT => putative membrane protein YhdT
[23:20:10] Modify product: Probable acrylyl-CoA reductase AcuI => putative acrylyl-CoA reductase AcuI
[23:20:10] Modify product: Uncharacterized protein YhcO => putative protein YhcO
[23:20:10] Modify product: Uncharacterized protein YhcH => putative protein YhcH
[23:20:10] Modify product: Uncharacterized inner membrane transporter YhbE => putative inner membrane transporter YhbE
[23:20:10] Modify product: Uncharacterized protease YhbU => putative protease YhbU
[23:20:10] Modify product: UPF0102 protein RPA0323 => hypothetical protein
[23:20:10] Modify product: Uncharacterized protein NMB0459 => putative protein
[23:20:10] Modify product: Uncharacterized protein YqjD => putative protein YqjD
[23:20:10] Modify product: Probable transporter SCO4007 => putative transporter
[23:20:10] Modify product: Uncharacterized protein YgaM => putative protein YgaM
[23:20:10] Modify product: Uncharacterized HTH-type transcriptional regulator YahB => putative HTH-type transcriptional regulator YahB
[23:20:10] Modify product: Probable glucarate transporter => putative glucarate transporter
[23:20:10] Modify product: Uncharacterized HTH-type transcriptional regulator YbaQ => putative HTH-type transcriptional regulator YbaQ
[23:20:10] Modify product: Uncharacterized protein Rv1998c => putative protein
[23:20:10] Modify product: UPF0053 inner membrane protein YfjD => hypothetical protein
[23:20:10] Modify product: Uncharacterized methyltransferase YcgJ => putative methyltransferase YcgJ
[23:20:10] Modify product: Probable transcriptional regulator PhnF => putative transcriptional regulator PhnF
[23:20:10] Modify product: Probable fructose-bisphosphate aldolase => putative fructose-bisphosphate aldolase
[23:20:10] Modify product: Uncharacterized sugar kinase YdjH => putative sugar kinase YdjH
[23:20:10] Modify product: Probable cyclic di-GMP phosphodiesterase PdeC => putative cyclic di-GMP phosphodiesterase PdeC
[23:20:10] Modify product: Uncharacterized protein YjbR => putative protein YjbR
[23:20:10] Modify product: UPF0337 protein YjbJ => hypothetical protein
[23:20:10] Cleaned 314 /product names
[23:20:10] Deleting unwanted file: /output/ANNOTATION/prokka_enterobacter.fa/enterobacter.fa.sprot.tmp.1.faa
[23:20:10] Deleting unwanted file: /output/ANNOTATION/prokka_enterobacter.fa/enterobacter.fa.sprot.tmp.1.blast
[23:20:10] There are still 1235 unannotated CDS left (started with 4657)
[23:20:10] Will use hmmer3 to search against /prokka-1.14.6/db/hmm/HAMAP.hmm with 12 CPUs
[23:20:10] Running: cat \/output\/ANNOTATION\/prokka_enterobacter\.fa\/enterobacter\.fa\.HAMAP\.hmm\.tmp\.1\.faa | parallel --gnu --plain -j 12 --block 14507 --recstart '>' --pipe hmmscan --noali --notextw --acc -E 1e-09 --cpu 1 /prokka-1.14.6/db/hmm/HAMAP.hmm /dev/stdin > \/output\/ANNOTATION\/prokka_enterobacter\.fa\/enterobacter\.fa\.HAMAP\.hmm\.tmp\.1\.hmmer3 2> /dev/null
[23:20:16] Modify product: Uncharacterized Nudix hydrolase NudL => putative Nudix hydrolase NudL
[23:20:16] Cleaned 1 /product names
[23:20:16] Deleting unwanted file: /output/ANNOTATION/prokka_enterobacter.fa/enterobacter.fa.HAMAP.hmm.tmp.1.faa
[23:20:16] Deleting unwanted file: /output/ANNOTATION/prokka_enterobacter.fa/enterobacter.fa.HAMAP.hmm.tmp.1.hmmer3
[23:20:16] Labelling remaining 1109 proteins as 'hypothetical protein'
[23:20:16] Possible /pseudo 'Type-1 fimbrial protein, A chain' at NZ_JAPOMC010000001.1 position 255623
[23:20:16] Possible /pseudo 'Manganese transport system membrane protein MntB' at NZ_JAPOMC010000001.1 position 352113
[23:20:16] Possible /pseudo 'Inhibitor of hydrogen peroxide resistance' at NZ_JAPOMC010000001.1 position 1077180
[23:20:16] Possible /pseudo 'NADP/NAD-dependent aldehyde dehydrogenase PuuC' at NZ_JAPOMC010000001.1 position 1269129
[23:20:16] Possible /pseudo 'Acetyltransferase' at NZ_JAPOMC010000001.1 position 1358886
[23:20:16] Possible /pseudo 'High-affinity branched-chain amino acid transport ATP-binding protein LivF' at NZ_JAPOMC010000001.1 position 1501816
[23:20:16] Possible /pseudo 'HTH-type transcriptional regulator PgrR' at NZ_JAPOMC010000001.1 position 1551644
[23:20:16] Possible /pseudo 'Formate dehydrogenase, nitrate-inducible, major subunit' at NZ_JAPOMC010000001.1 position 1631485
[23:20:16] Possible /pseudo 'putative protein' at NZ_JAPOMC010000002.1 position 655273
[23:20:16] Possible /pseudo 'putative protein' at NZ_JAPOMC010000002.1 position 656229
[23:20:16] Possible /pseudo 'Nucleoside triphosphatase NudI' at NZ_JAPOMC010000003.1 position 679657
[23:20:16] Possible /pseudo 'Formate dehydrogenase H' at NZ_JAPOMC010000009.1 position 33792
[23:20:16] Possible /pseudo 'Formate dehydrogenase-O major subunit' at NZ_JAPOMC010000010.1 position 73978
[23:20:16] Found 2879 unique /gene codes.
[23:20:16] Fixed 2 duplicate /gene - fliF_1 fliF_2
[23:20:16] Fixed 2 duplicate /gene - mcbA_1 mcbA_2
[23:20:16] Fixed 2 duplicate /gene - motA_1 motA_2
[23:20:16] Fixed 2 duplicate /gene - pagP_1 pagP_2
[23:20:16] Fixed 2 duplicate /gene - livJ_1 livJ_2
[23:20:16] Fixed 6 duplicate /gene - rcsC_1 rcsC_2 rcsC_3 rcsC_4 rcsC_5 rcsC_6
[23:20:16] Fixed 2 duplicate /gene - kgtP_1 kgtP_2
[23:20:16] Fixed 2 duplicate /gene - flhE_1 flhE_2
[23:20:16] Fixed 3 duplicate /gene - acrB_1 acrB_2 acrB_3
[23:20:16] Fixed 2 duplicate /gene - rluA_1 rluA_2
[23:20:16] Fixed 2 duplicate /gene - iolC_1 iolC_2
[23:20:16] Fixed 2 duplicate /gene - mlrA_1 mlrA_2
[23:20:16] Fixed 2 duplicate /gene - rhlE_1 rhlE_2
[23:20:16] Fixed 2 duplicate /gene - yraJ_1 yraJ_2
[23:20:16] Fixed 2 duplicate /gene - yqjA_1 yqjA_2
[23:20:16] Fixed 2 duplicate /gene - acpP_1 acpP_2
[23:20:16] Fixed 2 duplicate /gene - acnB_1 acnB_2
[23:20:16] Fixed 2 duplicate /gene - bioD1_1 bioD1_2
[23:20:16] Fixed 2 duplicate /gene - citA_1 citA_2
[23:20:16] Fixed 4 duplicate /gene - gsiC_1 gsiC_2 gsiC_3 gsiC_4
[23:20:16] Fixed 2 duplicate /gene - oppA_1 oppA_2
[23:20:16] Fixed 2 duplicate /gene - phoP_1 phoP_2
[23:20:16] Fixed 2 duplicate /gene - citE_1 citE_2
[23:20:16] Fixed 3 duplicate /gene - rbsB_1 rbsB_2 rbsB_3
[23:20:16] Fixed 2 duplicate /gene - bhsA_1 bhsA_2
[23:20:16] Fixed 2 duplicate /gene - gudP_1 gudP_2
[23:20:16] Fixed 7 duplicate /gene - glnQ_1 glnQ_2 glnQ_3 glnQ_4 glnQ_5 glnQ_6 glnQ_7
[23:20:16] Fixed 2 duplicate /gene - metQ_1 metQ_2
[23:20:16] Fixed 2 duplicate /gene - celA_1 celA_2
[23:20:16] Fixed 2 duplicate /gene - flgA_1 flgA_2
[23:20:16] Fixed 2 duplicate /gene - nudI_1 nudI_2
[23:20:16] Fixed 2 duplicate /gene - gntR_1 gntR_2
[23:20:16] Fixed 3 duplicate /gene - xerC_1 xerC_2 xerC_3
[23:20:16] Fixed 3 duplicate /gene - ydcV_1 ydcV_2 ydcV_3
[23:20:16] Fixed 2 duplicate /gene - ybdL_1 ybdL_2
[23:20:16] Fixed 2 duplicate /gene - aptB_1 aptB_2
[23:20:16] Fixed 2 duplicate /gene - sotB_1 sotB_2
[23:20:16] Fixed 2 duplicate /gene - feuC_1 feuC_2
[23:20:16] Fixed 2 duplicate /gene - cooF_1 cooF_2
[23:20:16] Fixed 2 duplicate /gene - metN_1 metN_2
[23:20:16] Fixed 2 duplicate /gene - htrE_1 htrE_2
[23:20:16] Fixed 2 duplicate /gene - fdnG_1 fdnG_2
[23:20:16] Fixed 2 duplicate /gene - cheY_1 cheY_2
[23:20:16] Fixed 2 duplicate /gene - glgX_1 glgX_2
[23:20:16] Fixed 2 duplicate /gene - lrp_1 lrp_2
[23:20:16] Fixed 2 duplicate /gene - yceI_1 yceI_2
[23:20:16] Fixed 3 duplicate /gene - livH_1 livH_2 livH_3
[23:20:16] Fixed 2 duplicate /gene - bglA_1 bglA_2
[23:20:16] Fixed 9 duplicate /gene - fabG_1 fabG_2 fabG_3 fabG_4 fabG_5 fabG_6 fabG_7 fabG_8 fabG_9
[23:20:16] Fixed 2 duplicate /gene - yecS_1 yecS_2
[23:20:16] Fixed 3 duplicate /gene - uspG_1 uspG_2 uspG_3
[23:20:16] Fixed 3 duplicate /gene - fimD_1 fimD_2 fimD_3
[23:20:16] Fixed 2 duplicate /gene - ahpC_1 ahpC_2
[23:20:16] Fixed 2 duplicate /gene - flgN_1 flgN_2
[23:20:16] Fixed 2 duplicate /gene - apbE_1 apbE_2
[23:20:16] Fixed 2 duplicate /gene - gpr_1 gpr_2
[23:20:16] Fixed 2 duplicate /gene - dgcC_1 dgcC_2
[23:20:16] Fixed 2 duplicate /gene - manX_1 manX_2
[23:20:16] Fixed 2 duplicate /gene - gcvT_1 gcvT_2
[23:20:16] Fixed 4 duplicate /gene - rbsC_1 rbsC_2 rbsC_3 rbsC_4
[23:20:16] Fixed 2 duplicate /gene - cysG_1 cysG_2
[23:20:16] Fixed 2 duplicate /gene - ompX_1 ompX_2
[23:20:16] Fixed 3 duplicate /gene - yicJ_1 yicJ_2 yicJ_3
[23:20:16] Fixed 2 duplicate /gene - pknD_1 pknD_2
[23:20:16] Fixed 2 duplicate /gene - ubiJ_1 ubiJ_2
[23:20:16] Fixed 2 duplicate /gene - umuC_1 umuC_2
[23:20:16] Fixed 3 duplicate /gene - gcvA_1 gcvA_2 gcvA_3
[23:20:16] Fixed 2 duplicate /gene - ddpA_1 ddpA_2
[23:20:16] Fixed 2 duplicate /gene - fliO_1 fliO_2
[23:20:16] Fixed 2 duplicate /gene - dctA_1 dctA_2
[23:20:16] Fixed 4 duplicate /gene - rbsA_1 rbsA_2 rbsA_3 rbsA_4
[23:20:16] Fixed 2 duplicate /gene - pgl_1 pgl_2
[23:20:16] Fixed 2 duplicate /gene - uxaC_1 uxaC_2
[23:20:16] Fixed 2 duplicate /gene - citC_1 citC_2
[23:20:16] Fixed 2 duplicate /gene - flgD_1 flgD_2
[23:20:16] Fixed 2 duplicate /gene - dppB_1 dppB_2
[23:20:16] Fixed 3 duplicate /gene - emrA_1 emrA_2 emrA_3
[23:20:16] Fixed 2 duplicate /gene - cntO_1 cntO_2
[23:20:16] Fixed 3 duplicate /gene - oppF_1 oppF_2 oppF_3
[23:20:16] Fixed 2 duplicate /gene - nagR_1 nagR_2
[23:20:16] Fixed 2 duplicate /gene - lpxL_1 lpxL_2
[23:20:16] Fixed 2 duplicate /gene - flgB_1 flgB_2
[23:20:16] Fixed 4 duplicate /gene - ttuB_1 ttuB_2 ttuB_3 ttuB_4
[23:20:16] Fixed 3 duplicate /gene - hdfR_1 hdfR_2 hdfR_3
[23:20:16] Fixed 2 duplicate /gene - xynR_1 xynR_2
[23:20:16] Fixed 2 duplicate /gene - argF_1 argF_2
[23:20:16] Fixed 2 duplicate /gene - gabR_1 gabR_2
[23:20:16] Fixed 2 duplicate /gene - amiC_1 amiC_2
[23:20:16] Fixed 5 duplicate /gene - gltC_1 gltC_2 gltC_3 gltC_4 gltC_5
[23:20:16] Fixed 2 duplicate /gene - ilvB_1 ilvB_2
[23:20:16] Fixed 3 duplicate /gene - ampR_1 ampR_2 ampR_3
[23:20:16] Fixed 2 duplicate /gene - fliG_1 fliG_2
[23:20:16] Fixed 2 duplicate /gene - flgH_1 flgH_2
[23:20:16] Fixed 4 duplicate /gene - yajO_1 yajO_2 yajO_3 yajO_4
[23:20:16] Fixed 2 duplicate /gene - lolA_1 lolA_2
[23:20:16] Fixed 2 duplicate /gene - dmsB_1 dmsB_2
[23:20:16] Fixed 3 duplicate /gene - fdhF_1 fdhF_2 fdhF_3
[23:20:16] Fixed 2 duplicate /gene - yhhT_1 yhhT_2
[23:20:16] Fixed 2 duplicate /gene - gpFI_1 gpFI_2
[23:20:16] Fixed 2 duplicate /gene - acpS_1 acpS_2
[23:20:16] Fixed 2 duplicate /gene - tabA_1 tabA_2
[23:20:16] Fixed 2 duplicate /gene - bluF_1 bluF_2
[23:20:16] Fixed 2 duplicate /gene - ribZ_1 ribZ_2
[23:20:16] Fixed 4 duplicate /gene - menH_1 menH_2 menH_3 menH_4
[23:20:16] Fixed 2 duplicate /gene - carB_1 carB_2
[23:20:16] Fixed 2 duplicate /gene - roxA_1 roxA_2
[23:20:16] Fixed 2 duplicate /gene - nudK_1 nudK_2
[23:20:16] Fixed 2 duplicate /gene - aroQ_1 aroQ_2
[23:20:16] Fixed 2 duplicate /gene - flgK_1 flgK_2
[23:20:16] Fixed 2 duplicate /gene - aspT_1 aspT_2
[23:20:16] Fixed 2 duplicate /gene - fliA_1 fliA_2
[23:20:16] Fixed 2 duplicate /gene - yadV_1 yadV_2
[23:20:16] Fixed 3 duplicate /gene - chbA_1 chbA_2 chbA_3
[23:20:16] Fixed 5 duplicate /gene - mntB_1 mntB_2 mntB_3 mntB_4 mntB_5
[23:20:16] Fixed 2 duplicate /gene - ynfM_1 ynfM_2
[23:20:16] Fixed 2 duplicate /gene - topA_1 topA_2
[23:20:16] Fixed 3 duplicate /gene - tsaR_1 tsaR_2 tsaR_3
[23:20:16] Fixed 2 duplicate /gene - yceJ_1 yceJ_2
[23:20:16] Fixed 2 duplicate /gene - mexB_1 mexB_2
[23:20:16] Fixed 2 duplicate /gene - citF_1 citF_2
[23:20:16] Fixed 2 duplicate /gene - ada_1 ada_2
[23:20:16] Fixed 2 duplicate /gene - yajR_1 yajR_2
[23:20:16] Fixed 2 duplicate /gene - tam_1 tam_2
[23:20:16] Fixed 2 duplicate /gene - ydhP_1 ydhP_2
[23:20:16] Fixed 2 duplicate /gene - fbaA_1 fbaA_2
[23:20:16] Fixed 2 duplicate /gene - nhoA_1 nhoA_2
[23:20:16] Fixed 2 duplicate /gene - argR_1 argR_2
[23:20:16] Fixed 2 duplicate /gene - malK_1 malK_2
[23:20:16] Fixed 3 duplicate /gene - nodD2_1 nodD2_2 nodD2_3
[23:20:16] Fixed 2 duplicate /gene - cheZ_1 cheZ_2
[23:20:16] Fixed 2 duplicate /gene - ulaC_1 ulaC_2
[23:20:16] Fixed 2 duplicate /gene - nupC_1 nupC_2
[23:20:16] Fixed 2 duplicate /gene - yajL_1 yajL_2
[23:20:16] Fixed 2 duplicate /gene - puuE_1 puuE_2
[23:20:16] Fixed 2 duplicate /gene - mdtH_1 mdtH_2
[23:20:16] Fixed 2 duplicate /gene - lexA_1 lexA_2
[23:20:16] Fixed 2 duplicate /gene - cydB_1 cydB_2
[23:20:16] Fixed 3 duplicate /gene - osmY_1 osmY_2 osmY_3
[23:20:16] Fixed 12 duplicate /gene - rhaS_1 rhaS_2 rhaS_3 rhaS_4 rhaS_5 rhaS_6 rhaS_7 rhaS_8 rhaS_9 rhaS_10 rhaS_11 rhaS_12
[23:20:16] Fixed 2 duplicate /gene - citX_1 citX_2
[23:20:16] Fixed 2 duplicate /gene - nemA_1 nemA_2
[23:20:16] Fixed 2 duplicate /gene - gtfA_1 gtfA_2
[23:20:16] Fixed 2 duplicate /gene - nlpD_1 nlpD_2
[23:20:16] Fixed 2 duplicate /gene - ydgJ_1 ydgJ_2
[23:20:16] Fixed 2 duplicate /gene - ecfG_1 ecfG_2
[23:20:16] Fixed 3 duplicate /gene - glnP_1 glnP_2 glnP_3
[23:20:16] Fixed 2 duplicate /gene - thlA_1 thlA_2
[23:20:16] Fixed 2 duplicate /gene - yqjC_1 yqjC_2
[23:20:16] Fixed 3 duplicate /gene - glnH_1 glnH_2 glnH_3
[23:20:16] Fixed 2 duplicate /gene - fliD_1 fliD_2
[23:20:16] Fixed 2 duplicate /gene - nagE_1 nagE_2
[23:20:16] Fixed 2 duplicate /gene - por_1 por_2
[23:20:16] Fixed 3 duplicate /gene - cytR_1 cytR_2 cytR_3
[23:20:16] Fixed 3 duplicate /gene - rbsR_1 rbsR_2 rbsR_3
[23:20:16] Fixed 2 duplicate /gene - maeA_1 maeA_2
[23:20:16] Fixed 2 duplicate /gene - dsbD_1 dsbD_2
[23:20:16] Fixed 2 duplicate /gene - bglF_1 bglF_2
[23:20:16] Fixed 2 duplicate /gene - fdoG_1 fdoG_2
[23:20:16] Fixed 2 duplicate /gene - pat_1 pat_2
[23:20:16] Fixed 2 duplicate /gene - gltJ_1 gltJ_2
[23:20:16] Fixed 2 duplicate /gene - ettA_1 ettA_2
[23:20:16] Fixed 2 duplicate /gene - ulaE_1 ulaE_2
[23:20:16] Fixed 2 duplicate /gene - motB_1 motB_2
[23:20:16] Fixed 2 duplicate /gene - flgI_1 flgI_2
[23:20:16] Fixed 2 duplicate /gene - pyrG_1 pyrG_2
[23:20:16] Fixed 3 duplicate /gene - proP_1 proP_2 proP_3
[23:20:16] Fixed 3 duplicate /gene - trg_1 trg_2 trg_3
[23:20:16] Fixed 13 duplicate /gene - dmlR_1 dmlR_2 dmlR_3 dmlR_4 dmlR_5 dmlR_6 dmlR_7 dmlR_8 dmlR_9 dmlR_10 dmlR_11 dmlR_12 dmlR_13
[23:20:16] Fixed 2 duplicate /gene - mipA_1 mipA_2
[23:20:16] Fixed 2 duplicate /gene - fliJ_1 fliJ_2
[23:20:16] Fixed 3 duplicate /gene - dppA_1 dppA_2 dppA_3
[23:20:16] Fixed 2 duplicate /gene - flhB_1 flhB_2
[23:20:16] Fixed 2 duplicate /gene - bepA_1 bepA_2
[23:20:16] Fixed 2 duplicate /gene - pal_1 pal_2
[23:20:16] Fixed 2 duplicate /gene - aptA_1 aptA_2
[23:20:16] Fixed 2 duplicate /gene - malI_1 malI_2
[23:20:16] Fixed 2 duplicate /gene - leuA_1 leuA_2
[23:20:16] Fixed 5 duplicate /gene - ptsG_1 ptsG_2 ptsG_3 ptsG_4 ptsG_5
[23:20:16] Fixed 2 duplicate /gene - fliQ_1 fliQ_2
[23:20:16] Fixed 3 duplicate /gene - pncC_1 pncC_2 pncC_3
[23:20:16] Fixed 2 duplicate /gene - cynR_1 cynR_2
[23:20:16] Fixed 2 duplicate /gene - dnaK_1 dnaK_2
[23:20:16] Fixed 2 duplicate /gene - rutD_1 rutD_2
[23:20:16] Fixed 4 duplicate /gene - potA_1 potA_2 potA_3 potA_4
[23:20:16] Fixed 2 duplicate /gene - gsiB_1 gsiB_2
[23:20:16] Fixed 2 duplicate /gene - norW_1 norW_2
[23:20:16] Fixed 2 duplicate /gene - rhtC_1 rhtC_2
[23:20:16] Fixed 2 duplicate /gene - nepI_1 nepI_2
[23:20:16] Fixed 2 duplicate /gene - fliY_1 fliY_2
[23:20:16] Fixed 3 duplicate /gene - bvgA_1 bvgA_2 bvgA_3
[23:20:16] Fixed 2 duplicate /gene - asd_1 asd_2
[23:20:16] Fixed 2 duplicate /gene - flhC_1 flhC_2
[23:20:16] Fixed 2 duplicate /gene - flhD_1 flhD_2
[23:20:16] Fixed 2 duplicate /gene - flgE_1 flgE_2
[23:20:16] Fixed 2 duplicate /gene - argP_1 argP_2
[23:20:16] Fixed 2 duplicate /gene - yohK_1 yohK_2
[23:20:16] Fixed 2 duplicate /gene - flgL_1 flgL_2
[23:20:16] Fixed 2 duplicate /gene - symE_1 symE_2
[23:20:16] Fixed 2 duplicate /gene - mepS_1 mepS_2
[23:20:16] Fixed 2 duplicate /gene - metC_1 metC_2
[23:20:16] Fixed 3 duplicate /gene - citG_1 citG_2 citG_3
[23:20:16] Fixed 2 duplicate /gene - emrB_1 emrB_2
[23:20:16] Fixed 2 duplicate /gene - oppD_1 oppD_2
[23:20:16] Fixed 2 duplicate /gene - fliS_1 fliS_2
[23:20:16] Fixed 2 duplicate /gene - ybhA_1 ybhA_2
[23:20:16] Fixed 3 duplicate /gene - murR_1 murR_2 murR_3
[23:20:16] Fixed 2 duplicate /gene - malP_1 malP_2
[23:20:16] Fixed 3 duplicate /gene - betI_1 betI_2 betI_3
[23:20:16] Fixed 2 duplicate /gene - dppC_1 dppC_2
[23:20:16] Fixed 3 duplicate /gene - dapA_1 dapA_2 dapA_3
[23:20:16] Fixed 3 duplicate /gene - betB_1 betB_2 betB_3
[23:20:16] Fixed 2 duplicate /gene - sutR_1 sutR_2
[23:20:16] Fixed 2 duplicate /gene - sauU_1 sauU_2
[23:20:16] Fixed 2 duplicate /gene - gsiD_1 gsiD_2
[23:20:16] Fixed 2 duplicate /gene - jefA_1 jefA_2
[23:20:16] Fixed 2 duplicate /gene - azoR_1 azoR_2
[23:20:16] Fixed 2 duplicate /gene - cheR_1 cheR_2
[23:20:16] Fixed 2 duplicate /gene - rlhA_1 rlhA_2
[23:20:16] Fixed 2 duplicate /gene - msmX_1 msmX_2
[23:20:16] Fixed 3 duplicate /gene - sgrR_1 sgrR_2 sgrR_3
[23:20:16] Fixed 2 duplicate /gene - cheB_1 cheB_2
[23:20:16] Fixed 4 duplicate /gene - ygdR_1 ygdR_2 ygdR_3 ygdR_4
[23:20:16] Fixed 5 duplicate /gene - nimR_1 nimR_2 nimR_3 nimR_4 nimR_5
[23:20:16] Fixed 3 duplicate /gene - lamB_1 lamB_2 lamB_3
[23:20:16] Fixed 2 duplicate /gene - baeR_1 baeR_2
[23:20:16] Fixed 2 duplicate /gene - proA_1 proA_2
[23:20:16] Fixed 2 duplicate /gene - puuA_1 puuA_2
[23:20:16] Fixed 2 duplicate /gene - cysE_1 cysE_2
[23:20:16] Fixed 2 duplicate /gene - hiuH_1 hiuH_2
[23:20:16] Fixed 2 duplicate /gene - xylP_1 xylP_2
[23:20:16] Fixed 3 duplicate /gene - rutB_1 rutB_2 rutB_3
[23:20:16] Fixed 3 duplicate /gene - dppD_1 dppD_2 dppD_3
[23:20:16] Fixed 2 duplicate /gene - yahB_1 yahB_2
[23:20:16] Fixed 3 duplicate /gene - rrrD_1 rrrD_2 rrrD_3
[23:20:16] Fixed 3 duplicate /gene - ddpC_1 ddpC_2 ddpC_3
[23:20:16] Fixed 2 duplicate /gene - lsrG_1 lsrG_2
[23:20:16] Fixed 5 duplicate /gene - btuD_1 btuD_2 btuD_3 btuD_4 btuD_5
[23:20:16] Fixed 6 duplicate /gene - iprA_1 iprA_2 iprA_3 iprA_4 iprA_5 iprA_6
[23:20:16] Fixed 2 duplicate /gene - srlE_1 srlE_2
[23:20:16] Fixed 2 duplicate /gene - manZ_1 manZ_2
[23:20:16] Fixed 2 duplicate /gene - argT_1 argT_2
[23:20:16] Fixed 2 duplicate /gene - cheW_1 cheW_2
[23:20:16] Fixed 2 duplicate /gene - flgF_1 flgF_2
[23:20:16] Fixed 2 duplicate /gene - exuT_1 exuT_2
[23:20:16] Fixed 3 duplicate /gene - iolE_1 iolE_2 iolE_3
[23:20:16] Fixed 3 duplicate /gene - cydA_1 cydA_2 cydA_3
[23:20:16] Fixed 2 duplicate /gene - cimH_1 cimH_2
[23:20:16] Fixed 2 duplicate /gene - dmsC_1 dmsC_2
[23:20:16] Fixed 2 duplicate /gene - lpfB_1 lpfB_2
[23:20:16] Fixed 5 duplicate /gene - licC_1 licC_2 licC_3 licC_4 licC_5
[23:20:16] Fixed 2 duplicate /gene - rssB_1 rssB_2
[23:20:16] Fixed 2 duplicate /gene - nlhH_1 nlhH_2
[23:20:16] Fixed 2 duplicate /gene - fliM_1 fliM_2
[23:20:16] Fixed 2 duplicate /gene - lldR_1 lldR_2
[23:20:16] Fixed 2 duplicate /gene - cra_1 cra_2
[23:20:16] Fixed 2 duplicate /gene - fliN_1 fliN_2
[23:20:16] Fixed 2 duplicate /gene - sbnD_1 sbnD_2
[23:20:16] Fixed 3 duplicate /gene - clpV1_1 clpV1_2 clpV1_3
[23:20:16] Fixed 2 duplicate /gene - thiQ_1 thiQ_2
[23:20:16] Fixed 3 duplicate /gene - ompR_1 ompR_2 ompR_3
[23:20:16] Fixed 2 duplicate /gene - actP_1 actP_2
[23:20:16] Fixed 3 duplicate /gene - oprM_1 oprM_2 oprM_3
[23:20:16] Fixed 2 duplicate /gene - srlB_1 srlB_2
[23:20:16] Fixed 5 duplicate /gene - rhaR_1 rhaR_2 rhaR_3 rhaR_4 rhaR_5
[23:20:16] Fixed 2 duplicate /gene - clpP_1 clpP_2
[23:20:16] Fixed 2 duplicate /gene - alx_1 alx_2
[23:20:16] Fixed 6 duplicate /gene - sasA_1 sasA_2 sasA_3 sasA_4 sasA_5 sasA_6
[23:20:16] Fixed 2 duplicate /gene - lacI_1 lacI_2
[23:20:16] Fixed 2 duplicate /gene - fliH_1 fliH_2
[23:20:16] Fixed 2 duplicate /gene - lpxD_1 lpxD_2
[23:20:16] Fixed 10 duplicate /gene - pgrR_1 pgrR_2 pgrR_3 pgrR_4 pgrR_5 pgrR_6 pgrR_7 pgrR_8 pgrR_9 pgrR_10
[23:20:16] Fixed 2 duplicate /gene - fixJ_1 fixJ_2
[23:20:16] Fixed 7 duplicate /gene - hcpA_1 hcpA_2 hcpA_3 hcpA_4 hcpA_5 hcpA_6 hcpA_7
[23:20:16] Fixed 2 duplicate /gene - yhaJ_1 yhaJ_2
[23:20:16] Fixed 2 duplicate /gene - arcA_1 arcA_2
[23:20:16] Fixed 2 duplicate /gene - appA_1 appA_2
[23:20:16] Fixed 2 duplicate /gene - fliI_1 fliI_2
[23:20:16] Fixed 2 duplicate /gene - entS_1 entS_2
[23:20:16] Fixed 2 duplicate /gene - flgJ_1 flgJ_2
[23:20:16] Fixed 4 duplicate /gene - glpR_1 glpR_2 glpR_3 glpR_4
[23:20:16] Fixed 7 duplicate /gene - iolG_1 iolG_2 iolG_3 iolG_4 iolG_5 iolG_6 iolG_7
[23:20:16] Fixed 2 duplicate /gene - cof_1 cof_2
[23:20:16] Fixed 3 duplicate /gene - yagG_1 yagG_2 yagG_3
[23:20:16] Fixed 5 duplicate /gene - cdhR_1 cdhR_2 cdhR_3 cdhR_4 cdhR_5
[23:20:16] Fixed 2 duplicate /gene - pykF_1 pykF_2
[23:20:16] Fixed 2 duplicate /gene - yheS_1 yheS_2
[23:20:16] Fixed 2 duplicate /gene - yjgH_1 yjgH_2
[23:20:16] Fixed 2 duplicate /gene - marA_1 marA_2
[23:20:16] Fixed 2 duplicate /gene - gmuD_1 gmuD_2
[23:20:16] Fixed 5 duplicate /gene - prsE_1 prsE_2 prsE_3 prsE_4 prsE_5
[23:20:16] Fixed 2 duplicate /gene - blc_1 blc_2
[23:20:16] Fixed 4 duplicate /gene - gstB_1 gstB_2 gstB_3 gstB_4
[23:20:16] Fixed 3 duplicate /gene - aaeA_1 aaeA_2 aaeA_3
[23:20:16] Fixed 4 duplicate /gene - tsr_1 tsr_2 tsr_3 tsr_4
[23:20:16] Fixed 2 duplicate /gene - kdgR_1 kdgR_2
[23:20:16] Fixed 4 duplicate /gene - ompA_1 ompA_2 ompA_3 ompA_4
[23:20:16] Fixed 2 duplicate /gene - puuC_1 puuC_2
[23:20:16] Fixed 2 duplicate /gene - ydiK_1 ydiK_2
[23:20:16] Fixed 2 duplicate /gene - guaD_1 guaD_2
[23:20:16] Fixed 2 duplicate /gene - tap_1 tap_2
[23:20:16] Fixed 3 duplicate /gene - fabF_1 fabF_2 fabF_3
[23:20:16] Fixed 2 duplicate /gene - tar_1 tar_2
[23:20:16] Fixed 2 duplicate /gene - arcC1_1 arcC1_2
[23:20:16] Fixed 2 duplicate /gene - fusA_1 fusA_2
[23:20:16] Fixed 2 duplicate /gene - artM_1 artM_2
[23:20:16] Fixed 2 duplicate /gene - slyA_1 slyA_2
[23:20:16] Fixed 2 duplicate /gene - hin_1 hin_2
[23:20:16] Fixed 2 duplicate /gene - etk_1 etk_2
[23:20:16] Fixed 2 duplicate /gene - kdgK_1 kdgK_2
[23:20:16] Fixed 2 duplicate /gene - fliP_1 fliP_2
[23:20:16] Fixed 2 duplicate /gene - murQ_1 murQ_2
[23:20:16] Fixed 2 duplicate /gene - fabD_1 fabD_2
[23:20:16] Fixed 2 duplicate /gene - ygiW_1 ygiW_2
[23:20:16] Fixed 3 duplicate /gene - apxIB_1 apxIB_2 apxIB_3
[23:20:16] Fixed 2 duplicate /gene - pepT_1 pepT_2
[23:20:16] Fixed 6 duplicate /gene - livF_1 livF_2 livF_3 livF_4 livF_5 livF_6
[23:20:16] Fixed 2 duplicate /gene - tdh_1 tdh_2
[23:20:16] Fixed 2 duplicate /gene - fhuA_1 fhuA_2
[23:20:16] Fixed 2 duplicate /gene - kduD_1 kduD_2
[23:20:16] Fixed 2 duplicate /gene - yegT_1 yegT_2
[23:20:16] Fixed 4 duplicate /gene - fimA_1 fimA_2 fimA_3 fimA_4
[23:20:16] Fixed 2 duplicate /gene - pepA_1 pepA_2
[23:20:16] Fixed 2 duplicate /gene - cmpR_1 cmpR_2
[23:20:16] Fixed 2 duplicate /gene - flgC_1 flgC_2
[23:20:16] Fixed 2 duplicate /gene - ascG_1 ascG_2
[23:20:16] Fixed 2 duplicate /gene - fadB_1 fadB_2
[23:20:16] Fixed 2 duplicate /gene - umuD_1 umuD_2
[23:20:16] Fixed 2 duplicate /gene - cheA_1 cheA_2
[23:20:16] Fixed 2 duplicate /gene - flhA_1 flhA_2
[23:20:16] Fixed 3 duplicate /gene - aaeB_1 aaeB_2 aaeB_3
[23:20:16] Fixed 2 duplicate /gene - ybdO_1 ybdO_2
[23:20:16] Fixed 2 duplicate /gene - ftsI_1 ftsI_2
[23:20:16] Fixed 2 duplicate /gene - ttgG_1 ttgG_2
[23:20:16] Fixed 2 duplicate /gene - citD_1 citD_2
[23:20:16] Fixed 2 duplicate /gene - ctpF_1 ctpF_2
[23:20:16] Fixed 3 duplicate /gene - comR_1 comR_2 comR_3
[23:20:16] Fixed 4 duplicate /gene - lptB_1 lptB_2 lptB_3 lptB_4
[23:20:16] Fixed 3 duplicate /gene - rcsB_1 rcsB_2 rcsB_3
[23:20:16] Fixed 2 duplicate /gene - kefC_1 kefC_2
[23:20:16] Fixed 2 duplicate /gene - ycaC_1 ycaC_2
[23:20:16] Fixed 2 duplicate /gene - ssuC_1 ssuC_2
[23:20:16] Fixed 2 duplicate /gene - tuf1_1 tuf1_2
[23:20:16] Fixed 2 duplicate /gene - tolC_1 tolC_2
[23:20:16] Fixed 2 duplicate /gene - srlA_1 srlA_2
[23:20:16] Fixed 2 duplicate /gene - nanR_1 nanR_2
[23:20:16] Fixed 2 duplicate /gene - fliR_1 fliR_2
[23:20:16] Fixed 3 duplicate /gene - srlR_1 srlR_2 srlR_3
[23:20:16] Fixed 2 duplicate /gene - ohrR_1 ohrR_2
[23:20:16] Fixed 4 duplicate /gene - norG_1 norG_2 norG_3 norG_4
[23:20:16] Fixed 2 duplicate /gene - yibH_1 yibH_2
[23:20:16] Fixed 2 duplicate /gene - ftnA_1 ftnA_2
[23:20:16] Fixed 2 duplicate /gene - flgG_1 flgG_2
[23:20:16] Fixed 2 duplicate /gene - fliE_1 fliE_2
[23:20:16] Fixed 2 duplicate /gene - etp_1 etp_2
[23:20:16] Fixed 2 duplicate /gene - glcC_1 glcC_2
[23:20:16] Fixed 2 duplicate /gene - rcsA_1 rcsA_2
[23:20:16] Fixed 3 duplicate /gene - mdtA_1 mdtA_2 mdtA_3
[23:20:16] Fixed 4 duplicate /gene - oxyR_1 oxyR_2 oxyR_3 oxyR_4
[23:20:16] Fixed 358 colliding /gene names.
[23:20:16] Adding /locus_tag identifiers
[23:20:16] Assigned 4738 locus_tags to CDS and RNA features.
[23:20:16] Writing outputs to /output/ANNOTATION/prokka_enterobacter.fa/
[23:20:18] Generating annotation statistics file
[23:20:18] Generating Genbank and Sequin files
[23:20:18] Running: tbl2asn -V b -a r10k -l paired-ends -M n -N 1 -y 'Annotated using prokka 1.14.6 from https://github.com/tseemann/prokka' -Z \/output\/ANNOTATION\/prokka_enterobacter\.fa\/enterobacter\.fa\.err -i \/output\/ANNOTATION\/prokka_enterobacter\.fa\/enterobacter\.fa\.fsa 2> /dev/null
[23:20:23] Deleting unwanted file: /output/ANNOTATION/prokka_enterobacter.fa/errorsummary.val
[23:20:23] Deleting unwanted file: /output/ANNOTATION/prokka_enterobacter.fa/enterobacter.fa.dr
[23:20:23] Deleting unwanted file: /output/ANNOTATION/prokka_enterobacter.fa/enterobacter.fa.fixedproducts
[23:20:23] Deleting unwanted file: /output/ANNOTATION/prokka_enterobacter.fa/enterobacter.fa.ecn
[23:20:23] Deleting unwanted file: /output/ANNOTATION/prokka_enterobacter.fa/enterobacter.fa.val
[23:20:23] Repairing broken .GBK output that tbl2asn produces...
[23:20:23] Running: sed 's/COORDINATES: profile/COORDINATES:profile/' < \/output\/ANNOTATION\/prokka_enterobacter\.fa\/enterobacter\.fa\.gbf > \/output\/ANNOTATION\/prokka_enterobacter\.fa\/enterobacter\.fa\.gbk
[23:20:23] Deleting unwanted file: /output/ANNOTATION/prokka_enterobacter.fa/enterobacter.fa.gbf
[23:20:23] Output files:
[23:20:23] /output/ANNOTATION/prokka_enterobacter.fa/enterobacter.fa.txt
[23:20:23] /output/ANNOTATION/prokka_enterobacter.fa/enterobacter.fa.sqn
[23:20:23] /output/ANNOTATION/prokka_enterobacter.fa/enterobacter.fa.tbl
[23:20:23] /output/ANNOTATION/prokka_enterobacter.fa/enterobacter.fa.gff
[23:20:23] /output/ANNOTATION/prokka_enterobacter.fa/enterobacter.fa.err
[23:20:23] /output/ANNOTATION/prokka_enterobacter.fa/enterobacter.fa.tsv
[23:20:23] /output/ANNOTATION/prokka_enterobacter.fa/enterobacter.fa.fna
[23:20:23] /output/ANNOTATION/prokka_enterobacter.fa/enterobacter.fa.ffn
[23:20:23] /output/ANNOTATION/prokka_enterobacter.fa/enterobacter.fa.log
[23:20:23] /output/ANNOTATION/prokka_enterobacter.fa/enterobacter.fa.gbk
[23:20:23] /output/ANNOTATION/prokka_enterobacter.fa/enterobacter.fa.fsa
[23:20:23] /output/ANNOTATION/prokka_enterobacter.fa/enterobacter.fa.faa
[23:20:23] Annotation finished successfully.
[23:20:23] Walltime used: 1.18 minutes
[23:20:23] If you use this result please cite the Prokka paper:
[23:20:23] Seemann T (2014) Prokka: rapid prokaryotic genome annotation. Bioinformatics. 30(14):2068-9.
[23:20:23] Type 'prokka --citation' for more details.
[23:20:23] Share and enjoy!
